<?xml version="1.0" encoding="UTF-8"?>
<testng-results total="1" passed="1" failed="0" skipped="0">
  <reporter-output>
  </reporter-output>
  <suite started-at="2018-03-30T23:09:52Z" name="Suite" finished-at="2018-03-30T23:10:08Z" duration-ms="16257">
    <groups>
    </groups>
    <test started-at="2018-03-30T23:09:52Z" name="Test" finished-at="2018-03-30T23:10:08Z" duration-ms="16257">
      <class name="mtest.TestMe">
        <test-method signature="test()[pri:0, instance:mtest.TestMe@795cd85e]" started-at="2018-03-30T23:09:52Z" name="test" finished-at="2018-03-30T23:10:08Z" duration-ms="16244" status="PASS">
        </test-method> <!-- test -->
      </class> <!-- mtest.TestMe -->
    </test> <!-- Test -->
  </suite> <!-- Suite -->
</testng-results>
